<?xml version="1.0" encoding="UTF-8"?>
<!-- Generated by org.testng.reporters.JUnitReportReporter -->
<testsuite hostname="MUSBAH15-PC" name="TestNG.TestNGClass" tests="1" failures="0" timestamp="30 Nov 2015 15:39:42 GMT" time="14.323" errors="0">
  <testcase name="calculatefraction" time="14.323" classname="TestNG.TestNGClass"/>
</testsuite> <!-- TestNG.TestNGClass -->
